<?xml version="1.0" encoding="UTF-8"?>
<!-- Generated by org.testng.reporters.JUnitReportReporter -->
<testsuite hostname="REM-LT-230130C" failures="0" tests="1" name="com.main.cucumber_framework.AppTest" time="0.003" errors="0" timestamp="2023-02-10T14:32:07 CST" skipped="0">
  <testcase classname="com.main.cucumber_framework.AppTest" name="shouldAnswerWithTrue" time="0.003"/>
  <system-out/>
</testsuite> <!-- com.main.cucumber_framework.AppTest -->
