<?xml version="1.0" encoding="UTF-8"?>
<!-- Generated by org.testng.reporters.JUnitReportReporter -->
<testsuite hostname="REM-LT-230130C" failures="0" tests="1" name="testcases.HomePageTest" time="16.351" errors="0" timestamp="2023-02-08T17:24:45 CST" skipped="0">
  <testcase classname="testcases.HomePageTest" name="productsAreDisplayedTest" time="16.351"/>
  <system-out/>
</testsuite> <!-- testcases.HomePageTest -->
